<?xml version="1.0" encoding="UTF-8"?>
<!-- Generated by org.testng.reporters.JUnitXMLReporter -->
<testsuite ignored="4" hostname="VIKRAMDIXITH-1XMZ1G2" failures="0" tests="3" name="Login and Consignmnet tests" time="196.858" errors="0" timestamp="2024-04-16T15:11:42 IST">
  <testcase classname="com.poc.atf.testscripts.ActiveTestScripts" name="activeScreenTest on [ActiveTestScripts passed=0 failed=0 skipped=0]" time="133.133"/>
  <testcase classname="com.poc.atf.testscripts.CreateDoTestScripts" name="CreateDOScreenTest on [CreateDoTestScripts passed=0 failed=0 skipped=0]" time="18.832"/>
  <testcase classname="com.poc.atf.testscripts.MenuandRespectiveNamesTestScripts" name="activeScreenTest on [MenuandRespectiveNamesTestScripts passed=0 failed=0 skipped=0]" time="38.311"/>
  <testcase classname="util.BaseListener" name="@AfterSuite endReport" time="0.0">
    <ignored/>
  </testcase> <!-- @AfterSuite endReport -->
  <testcase classname="util.BaseListener" name="@AfterSuite endReport" time="0.0">
    <ignored/>
  </testcase> <!-- @AfterSuite endReport -->
  <testcase classname="util.BaseListener" name="@BeforeSuite startReport" time="0.0">
    <ignored/>
  </testcase> <!-- @BeforeSuite startReport -->
  <testcase classname="util.BaseListener" name="@BeforeSuite startReport" time="0.0">
    <ignored/>
  </testcase> <!-- @BeforeSuite startReport -->
</testsuite> <!-- Login and Consignmnet tests -->
